2026-02-07 22:47:18.511 [main] INFO  org.example.kaos.Launcher - Iniciando Launcher de Kaos...
2026-02-07 22:47:18.516 [main] DEBUG org.example.kaos.Launcher - Ruta del ejecutable: /Library/Java/JavaVirtualMachines/jdk-21.jdk/Contents/Home/bin/java
2026-02-07 22:47:18.517 [main] DEBUG org.example.kaos.Launcher - No se encontró archivo de actualización
2026-02-07 22:47:18.517 [main] DEBUG org.example.kaos.Launcher - Iniciando aplicación principal...
2026-02-07 22:47:19.097 [JavaFX Application Thread] INFO  org.example.kaos.App - Iniciando aplicación Kaos...
2026-02-07 22:47:19.097 [JavaFX Application Thread] DEBUG org.example.kaos.App - Inicializando JPA...
2026-02-07 22:47:19.097 [JavaFX Application Thread] INFO  org.example.kaos.util.JpaUtil - Inicializando EntityManagerFactory para persistencia 'kaos'...
2026-02-07 22:47:34.232 [JavaFX Application Thread] INFO  org.example.kaos.util.JpaUtil - JPA inicializado correctamente. Conexión a la base de datos exitosa.
2026-02-07 22:47:34.232 [JavaFX Application Thread] DEBUG org.example.kaos.util.JpaUtil - Solicitando EntityManagerFactory
2026-02-07 22:47:34.232 [JavaFX Application Thread] DEBUG org.example.kaos.App - JPA inicializado correctamente
2026-02-07 22:47:34.232 [JavaFX Application Thread] DEBUG org.example.kaos.App - Verificando actualizaciones...
2026-02-07 22:47:35.806 [JavaFX Application Thread] DEBUG org.example.kaos.App - Aplicación está en la última versión
2026-02-07 22:47:35.806 [JavaFX Application Thread] DEBUG org.example.kaos.App - Cargando ventana de login...
2026-02-07 22:47:36.028 [JavaFX Application Thread] INFO  o.e.kaos.controller.LoginController - Inicializando LoginController. Versión: v1.0.20
2026-02-07 22:47:36.037 [JavaFX Application Thread] DEBUG o.e.kaos.controller.LoginController - LoginController inicializado correctamente
2026-02-07 22:47:36.249 [JavaFX Application Thread] INFO  org.example.kaos.App - Ventana de login mostrada correctamente
2026-02-07 22:49:47.424 [JavaFX Application Thread] INFO  o.e.kaos.controller.LoginController - Intento de login para usuario: admin
2026-02-07 22:49:47.424 [JavaFX Application Thread] DEBUG org.example.kaos.util.JpaUtil - Creando nuevo EntityManager
2026-02-07 22:49:48.043 [JavaFX Application Thread] INFO  o.e.k.s.i.UserServiceImpl - Successful login for user: admin
2026-02-07 22:49:48.044 [JavaFX Application Thread] INFO  o.e.kaos.controller.LoginController - Login exitoso para usuario: admin (ID: 1)
2026-02-07 22:49:48.044 [JavaFX Application Thread] DEBUG o.e.kaos.controller.LoginController - Abriendo ventana principal...
2026-02-07 22:49:49.544 [JavaFX Application Thread] DEBUG org.example.kaos.util.JpaUtil - Creando nuevo EntityManager
2026-02-07 22:49:50.115 [JavaFX Application Thread] DEBUG org.example.kaos.util.JpaUtil - Creando nuevo EntityManager
2026-02-07 22:49:52.207 [JavaFX Application Thread] DEBUG org.example.kaos.util.JpaUtil - Creando nuevo EntityManager
2026-02-07 22:56:43.466 [main] INFO  org.example.kaos.Launcher - Iniciando Launcher de Kaos...
2026-02-07 22:56:43.469 [main] DEBUG org.example.kaos.Launcher - Ruta del ejecutable: /Library/Java/JavaVirtualMachines/jdk-21.jdk/Contents/Home/bin/java
2026-02-07 22:56:43.469 [main] DEBUG org.example.kaos.Launcher - No se encontró archivo de actualización
2026-02-07 22:56:43.469 [main] DEBUG org.example.kaos.Launcher - Iniciando aplicación principal...
2026-02-07 22:56:43.665 [JavaFX Application Thread] INFO  org.example.kaos.App - Iniciando aplicación Kaos...
2026-02-07 22:56:43.665 [JavaFX Application Thread] DEBUG org.example.kaos.App - Inicializando JPA...
2026-02-07 22:56:43.665 [JavaFX Application Thread] INFO  org.example.kaos.util.JpaUtil - Inicializando EntityManagerFactory para persistencia 'kaos'...
2026-02-07 22:56:58.544 [JavaFX Application Thread] INFO  org.example.kaos.util.JpaUtil - JPA inicializado correctamente. Conexión a la base de datos exitosa.
2026-02-07 22:56:58.544 [JavaFX Application Thread] DEBUG org.example.kaos.util.JpaUtil - Solicitando EntityManagerFactory
2026-02-07 22:56:58.544 [JavaFX Application Thread] DEBUG org.example.kaos.App - JPA inicializado correctamente
2026-02-07 22:56:58.544 [JavaFX Application Thread] DEBUG org.example.kaos.App - Verificando actualizaciones...
2026-02-07 22:57:00.029 [JavaFX Application Thread] DEBUG org.example.kaos.App - Aplicación está en la última versión
2026-02-07 22:57:00.030 [JavaFX Application Thread] DEBUG org.example.kaos.App - Cargando ventana de login...
2026-02-07 22:57:00.118 [JavaFX Application Thread] INFO  o.e.kaos.controller.LoginController - Inicializando LoginController. Versión: v1.0.20
2026-02-07 22:57:00.126 [JavaFX Application Thread] DEBUG o.e.kaos.controller.LoginController - LoginController inicializado correctamente
2026-02-07 22:57:00.332 [JavaFX Application Thread] INFO  org.example.kaos.App - Ventana de login mostrada correctamente
2026-02-07 22:57:01.722 [JavaFX Application Thread] INFO  o.e.kaos.controller.LoginController - Intento de login para usuario: admin
2026-02-07 22:57:01.723 [JavaFX Application Thread] DEBUG org.example.kaos.util.JpaUtil - Creando nuevo EntityManager
2026-02-07 22:57:02.313 [JavaFX Application Thread] INFO  o.e.k.s.i.UserServiceImpl - Successful login for user: admin
2026-02-07 22:57:02.314 [JavaFX Application Thread] INFO  o.e.kaos.controller.LoginController - Login exitoso para usuario: admin (ID: 1)
2026-02-07 22:57:02.316 [JavaFX Application Thread] DEBUG o.e.kaos.controller.LoginController - Abriendo ventana principal...
2026-02-07 22:57:04.008 [JavaFX Application Thread] DEBUG org.example.kaos.util.JpaUtil - Creando nuevo EntityManager
2026-02-07 22:57:04.570 [JavaFX Application Thread] DEBUG org.example.kaos.util.JpaUtil - Creando nuevo EntityManager
2026-02-07 22:57:06.365 [JavaFX Application Thread] DEBUG org.example.kaos.util.JpaUtil - Creando nuevo EntityManager
2026-02-07 22:58:54.035 [main] INFO  org.example.kaos.Launcher - Iniciando Launcher de Kaos...
2026-02-07 22:58:54.037 [main] DEBUG org.example.kaos.Launcher - Ruta del ejecutable: /Library/Java/JavaVirtualMachines/jdk-21.jdk/Contents/Home/bin/java
2026-02-07 22:58:54.038 [main] DEBUG org.example.kaos.Launcher - No se encontró archivo de actualización
2026-02-07 22:58:54.038 [main] DEBUG org.example.kaos.Launcher - Iniciando aplicación principal...
2026-02-07 22:58:54.217 [JavaFX Application Thread] INFO  org.example.kaos.App - Iniciando aplicación Kaos...
2026-02-07 22:58:54.217 [JavaFX Application Thread] DEBUG org.example.kaos.App - Inicializando JPA...
2026-02-07 22:58:54.217 [JavaFX Application Thread] INFO  org.example.kaos.util.JpaUtil - Inicializando EntityManagerFactory para persistencia 'kaos'...
2026-02-07 22:59:08.858 [JavaFX Application Thread] INFO  org.example.kaos.util.JpaUtil - JPA inicializado correctamente. Conexión a la base de datos exitosa.
2026-02-07 22:59:08.859 [JavaFX Application Thread] DEBUG org.example.kaos.util.JpaUtil - Solicitando EntityManagerFactory
2026-02-07 22:59:08.859 [JavaFX Application Thread] DEBUG org.example.kaos.App - JPA inicializado correctamente
2026-02-07 22:59:08.859 [JavaFX Application Thread] DEBUG org.example.kaos.App - Verificando actualizaciones...
2026-02-07 22:59:10.184 [JavaFX Application Thread] DEBUG org.example.kaos.App - Aplicación está en la última versión
2026-02-07 22:59:10.184 [JavaFX Application Thread] DEBUG org.example.kaos.App - Cargando ventana de login...
2026-02-07 22:59:10.273 [JavaFX Application Thread] INFO  o.e.kaos.controller.LoginController - Inicializando LoginController. Versión: v1.0.20
2026-02-07 22:59:10.280 [JavaFX Application Thread] DEBUG o.e.kaos.controller.LoginController - LoginController inicializado correctamente
2026-02-07 22:59:10.485 [JavaFX Application Thread] INFO  org.example.kaos.App - Ventana de login mostrada correctamente
2026-02-07 22:59:12.255 [JavaFX Application Thread] DEBUG o.e.kaos.controller.LoginController - Tecla ENTER presionada. Iniciando login...
2026-02-07 22:59:12.255 [JavaFX Application Thread] INFO  o.e.kaos.controller.LoginController - Intento de login para usuario: admin
2026-02-07 22:59:12.255 [JavaFX Application Thread] DEBUG org.example.kaos.util.JpaUtil - Creando nuevo EntityManager
2026-02-07 22:59:12.843 [JavaFX Application Thread] INFO  o.e.k.s.i.UserServiceImpl - Successful login for user: admin
2026-02-07 22:59:12.843 [JavaFX Application Thread] INFO  o.e.kaos.controller.LoginController - Login exitoso para usuario: admin (ID: 1)
2026-02-07 22:59:12.844 [JavaFX Application Thread] DEBUG o.e.kaos.controller.LoginController - Abriendo ventana principal...
2026-02-07 22:59:14.356 [JavaFX Application Thread] DEBUG org.example.kaos.util.JpaUtil - Creando nuevo EntityManager
2026-02-07 22:59:14.938 [JavaFX Application Thread] DEBUG org.example.kaos.util.JpaUtil - Creando nuevo EntityManager
2026-02-07 22:59:16.747 [JavaFX Application Thread] DEBUG org.example.kaos.util.JpaUtil - Creando nuevo EntityManager
